# JRE version: Java(TM) SE Runtime Environment (8.0_131-b11) (build 1.8.0_131-b11)
# Java VM: Java HotSpot(TM) 64-Bit Server VM (25.131-b11 mixed mode windows-amd64 compressed oops)
Heap:
 PSYoungGen      total 117248K, used 39832K [0x00000000f5580000, 0x0000000100000000, 0x0000000100000000)
  eden space 74240K, 38% used [0x00000000f5580000,0x00000000f7138240,0x00000000f9e00000)
  from space 43008K, 26% used [0x00000000fd600000,0x00000000fe12de88,0x0000000100000000)
  to   space 50176K, 0% used [0x00000000f9e00000,0x00000000f9e00000,0x00000000fcf00000)
 ParOldGen       total 153088K, used 62010K [0x00000000e0000000, 0x00000000e9580000, 0x00000000f5580000)
  object space 153088K, 40% used [0x00000000e0000000,0x00000000e3c8eb20,0x00000000e9580000)
 Metaspace       used 98178K, capacity 98996K, committed 99328K, reserved 1130496K
  class space    used 18595K, capacity 18845K, committed 18944K, reserved 1048576K
GC Heap History (10 events):
Event: 990.931 GC heap before
{Heap before GC invocations=20 (full 3):
 PSYoungGen      total 129024K, used 117474K [0x00000000f5580000, 0x0000000100000000, 0x0000000100000000)
  eden space 88576K, 100% used [0x00000000f5580000,0x00000000fac00000,0x00000000fac00000)
  from space 40448K, 71% used [0x00000000fd880000,0x00000000ff4b89a0,0x0000000100000000)
  to   space 43008K, 0% used [0x00000000fac00000,0x00000000fac00000,0x00000000fd600000)
 ParOldGen       total 121344K, used 94822K [0x00000000e0000000, 0x00000000e7680000, 0x00000000f5580000)
  object space 121344K, 78% used [0x00000000e0000000,0x00000000e5c99898,0x00000000e7680000)
 Metaspace       used 94303K, capacity 95132K, committed 95360K, reserved 1126400K
  class space    used 17963K, capacity 18267K, committed 18304K, reserved 1048576K
Event: 990.992 GC heap after
Heap after GC invocations=20 (full 3):
 PSYoungGen      total 131584K, used 10510K [0x00000000f5580000, 0x00000000fff80000, 0x0000000100000000)
  eden space 88576K, 0% used [0x00000000f5580000,0x00000000f5580000,0x00000000fac00000)
  from space 43008K, 24% used [0x00000000fac00000,0x00000000fb643a98,0x00000000fd600000)
  to   space 41472K, 0% used [0x00000000fd700000,0x00000000fd700000,0x00000000fff80000)
 ParOldGen       total 121344K, used 117333K [0x00000000e0000000, 0x00000000e7680000, 0x00000000f5580000)
  object space 121344K, 96% used [0x00000000e0000000,0x00000000e72957a8,0x00000000e7680000)
 Metaspace       used 94303K, capacity 95132K, committed 95360K, reserved 1126400K
  class space    used 17963K, capacity 18267K, committed 18304K, reserved 1048576K
}
Event: 990.992 GC heap before
{Heap before GC invocations=21 (full 4):
 PSYoungGen      total 131584K, used 10510K [0x00000000f5580000, 0x00000000fff80000, 0x0000000100000000)
  eden space 88576K, 0% used [0x00000000f5580000,0x00000000f5580000,0x00000000fac00000)
  from space 43008K, 24% used [0x00000000fac00000,0x00000000fb643a98,0x00000000fd600000)
  to   space 41472K, 0% used [0x00000000fd700000,0x00000000fd700000,0x00000000fff80000)
 ParOldGen       total 121344K, used 117333K [0x00000000e0000000, 0x00000000e7680000, 0x00000000f5580000)
  object space 121344K, 96% used [0x00000000e0000000,0x00000000e72957a8,0x00000000e7680000)
 Metaspace       used 94303K, capacity 95132K, committed 95360K, reserved 1126400K
  class space    used 17963K, capacity 18267K, committed 18304K, reserved 1048576K
Event: 991.369 GC heap after
Heap after GC invocations=21 (full 4):
 PSYoungGen      total 131584K, used 0K [0x00000000f5580000, 0x00000000fff80000, 0x0000000100000000)
  eden space 88576K, 0% used [0x00000000f5580000,0x00000000f5580000,0x00000000fac00000)
  from space 43008K, 0% used [0x00000000fac00000,0x00000000fac00000,0x00000000fd600000)
  to   space 41472K, 0% used [0x00000000fd700000,0x00000000fd700000,0x00000000fff80000)
 ParOldGen       total 153088K, used 55460K [0x00000000e0000000, 0x00000000e9580000, 0x00000000f5580000)
  object space 153088K, 36% used [0x00000000e0000000,0x00000000e36293e0,0x00000000e9580000)
 Metaspace       used 59611K, capacity 60255K, committed 72832K, reserved 1103872K
  class space    used 11488K, capacity 11719K, committed 18304K, reserved 1048576K
}
Event: 1000.304 GC heap before
{Heap before GC invocations=22 (full 4):
 PSYoungGen      total 131584K, used 88576K [0x00000000f5580000, 0x00000000fff80000, 0x0000000100000000)
  eden space 88576K, 100% used [0x00000000f5580000,0x00000000fac00000,0x00000000fac00000)
  from space 43008K, 0% used [0x00000000fac00000,0x00000000fac00000,0x00000000fd600000)
  to   space 41472K, 0% used [0x00000000fd700000,0x00000000fd700000,0x00000000fff80000)
 ParOldGen       total 153088K, used 55460K [0x00000000e0000000, 0x00000000e9580000, 0x00000000f5580000)
  object space 153088K, 36% used [0x00000000e0000000,0x00000000e36293e0,0x00000000e9580000)
 Metaspace       used 70306K, capacity 70965K, committed 75648K, reserved 1105920K
  class space    used 13602K, capacity 13876K, committed 18304K, reserved 1048576K
Event: 1000.419 GC heap after
Heap after GC invocations=22 (full 4):
 PSYoungGen      total 130048K, used 27284K [0x00000000f5580000, 0x0000000100000000, 0x0000000100000000)
  eden space 88576K, 0% used [0x00000000f5580000,0x00000000f5580000,0x00000000fac00000)
  from space 41472K, 65% used [0x00000000fd700000,0x00000000ff1a5108,0x00000000fff80000)
  to   space 43008K, 0% used [0x00000000fac00000,0x00000000fac00000,0x00000000fd600000)
 ParOldGen       total 153088K, used 55468K [0x00000000e0000000, 0x00000000e9580000, 0x00000000f5580000)
  object space 153088K, 36% used [0x00000000e0000000,0x00000000e362b3e0,0x00000000e9580000)
 Metaspace       used 70306K, capacity 70965K, committed 75648K, reserved 1105920K
  class space    used 13602K, capacity 13876K, committed 18304K, reserved 1048576K
}
Event: 1004.148 GC heap before
{Heap before GC invocations=23 (full 4):
 PSYoungGen      total 130048K, used 115860K [0x00000000f5580000, 0x0000000100000000, 0x0000000100000000)
  eden space 88576K, 100% used [0x00000000f5580000,0x00000000fac00000,0x00000000fac00000)
  from space 41472K, 65% used [0x00000000fd700000,0x00000000ff1a5108,0x00000000fff80000)
  to   space 43008K, 0% used [0x00000000fac00000,0x00000000fac00000,0x00000000fd600000)
 ParOldGen       total 153088K, used 55468K [0x00000000e0000000, 0x00000000e9580000, 0x00000000f5580000)
  object space 153088K, 36% used [0x00000000e0000000,0x00000000e362b3e0,0x00000000e9580000)
 Metaspace       used 82282K, capacity 82934K, committed 85376K, reserved 1116160K
  class space    used 15725K, capacity 15988K, committed 18304K, reserved 1048576K
Event: 1005.508 GC heap after
Heap after GC invocations=23 (full 4):
 PSYoungGen      total 131584K, used 43002K [0x00000000f5580000, 0x0000000100000000, 0x0000000100000000)
  eden space 88576K, 0% used [0x00000000f5580000,0x00000000f5580000,0x00000000fac00000)
  from space 43008K, 99% used [0x00000000fac00000,0x00000000fd5fe990,0x00000000fd600000)
  to   space 43008K, 0% used [0x00000000fd600000,0x00000000fd600000,0x0000000100000000)
 ParOldGen       total 153088K, used 59851K [0x00000000e0000000, 0x00000000e9580000, 0x00000000f5580000)
  object space 153088K, 39% used [0x00000000e0000000,0x00000000e3a72ec8,0x00000000e9580000)
 Metaspace       used 82282K, capacity 82934K, committed 85376K, reserved 1116160K
  class space    used 15725K, capacity 15988K, committed 18304K, reserved 1048576K
}
Event: 1034.658 GC heap before
{Heap before GC invocations=24 (full 4):
 PSYoungGen      total 131584K, used 131578K [0x00000000f5580000, 0x0000000100000000, 0x0000000100000000)
  eden space 88576K, 100% used [0x00000000f5580000,0x00000000fac00000,0x00000000fac00000)
  from space 43008K, 99% used [0x00000000fac00000,0x00000000fd5fe990,0x00000000fd600000)
  to   space 43008K, 0% used [0x00000000fd600000,0x00000000fd600000,0x0000000100000000)
 ParOldGen       total 153088K, used 59851K [0x00000000e0000000, 0x00000000e9580000, 0x00000000f5580000)
  object space 153088K, 39% used [0x00000000e0000000,0x00000000e3a72ec8,0x00000000e9580000)
 Metaspace       used 94216K, capacity 95028K, committed 95360K, reserved 1126400K
  class space    used 17934K, capacity 18205K, committed 18304K, reserved 1048576K
Event: 1034.782 GC heap after
Heap after GC invocations=24 (full 4):
 PSYoungGen      total 117248K, used 11447K [0x00000000f5580000, 0x0000000100000000, 0x0000000100000000)
  eden space 74240K, 0% used [0x00000000f5580000,0x00000000f5580000,0x00000000f9e00000)
  from space 43008K, 26% used [0x00000000fd600000,0x00000000fe12de88,0x0000000100000000)
  to   space 50176K, 0% used [0x00000000f9e00000,0x00000000f9e00000,0x00000000fcf00000)
 ParOldGen       total 153088K, used 62010K [0x00000000e0000000, 0x00000000e9580000, 0x00000000f5580000)
  object space 153088K, 40% used [0x00000000e0000000,0x00000000e3c8eb20,0x00000000e9580000)
 Metaspace       used 94216K, capacity 95028K, committed 95360K, reserved 1126400K
  class space    used 17934K, capacity 18205K, committed 18304K, reserved 1048576K
}

